{
  "stats": {
    "suites": 1,
    "tests": 1,
    "passes": 1,
    "pending": 0,
    "failures": 0,
    "start": "2023-10-08T01:28:16.745Z",
    "end": "2023-10-08T01:28:18.983Z",
    "duration": 2238,
    "testsRegistered": 1,
    "passPercent": 100,
    "pendingPercent": 0,
    "other": 0,
    "hasOther": false,
    "skipped": 0,
    "hasSkipped": false
  },
  "results": [
    {
      "uuid": "39a52f1d-5a17-4520-8325-5aae83e94c67",
      "title": "",
      "fullFile": "cypress\\e2e\\Logout.cy.js",
      "file": "cypress\\e2e\\Logout.cy.js",
      "beforeHooks": [],
      "afterHooks": [],
      "tests": [],
      "suites": [
        {
          "uuid": "e793046c-8040-451a-a3fa-68c3f2e5c1bd",
          "title": "Realizar o login",
          "fullFile": "",
          "file": "",
          "beforeHooks": [],
          "afterHooks": [],
          "tests": [
            {
              "title": "Realizar o preenchimento dos campos corretamente e realizar o login com sucesso",
              "fullTitle": "Realizar o login Realizar o preenchimento dos campos corretamente e realizar o login com sucesso",
              "timedOut": null,
              "duration": 1257,
              "state": "passed",
              "speed": "fast",
              "pass": true,
              "fail": false,
              "pending": false,
              "context": null,
              "code": "cy.visit('http://localhost:4200/#/home');\ncy.get('[data-test=\"loginUserName\"]').type('rogeriolins');\ncy.get('[data-test=\"loginPassword\"]').type('Rogerio123@');\ncy.contains('button', 'login').click();\ncy.contains('a', 'Logout').should('be.visible');\ncy.contains('a', 'Logout').click();\ncy.contains('Please, login!').should('be.visible');",
              "err": {},
              "uuid": "a06dcfea-480b-4d32-a06b-42536ce3dc31",
              "parentUUID": "e793046c-8040-451a-a3fa-68c3f2e5c1bd",
              "isHook": false,
              "skipped": false
            }
          ],
          "suites": [],
          "passes": [
            "a06dcfea-480b-4d32-a06b-42536ce3dc31"
          ],
          "failures": [],
          "pending": [],
          "skipped": [],
          "duration": 1257,
          "root": false,
          "rootEmpty": false,
          "_timeout": 2000
        }
      ],
      "passes": [],
      "failures": [],
      "pending": [],
      "skipped": [],
      "duration": 0,
      "root": true,
      "rootEmpty": true,
      "_timeout": 2000
    }
  ],
  "meta": {
    "mocha": {
      "version": "7.0.1"
    },
    "mochawesome": {
      "options": {
        "quiet": false,
        "reportFilename": "mochawesome",
        "saveHtml": true,
        "saveJson": true,
        "consoleReporter": "spec",
        "useInlineDiffs": false,
        "code": true
      },
      "version": "7.1.3"
    },
    "marge": {
      "options": null,
      "version": "6.2.0"
    }
  }
}